WCCILevent   (0), 2022.04.19 20:41:15.513, SYS,  INFO,        1, Manager Start, PROJ, BoilerTest1, V 3.15 - 3.15   platform Windows AMD64 linked at Jan 31 2019 19:30:43 (3914f9beaa1)
WCCILevent   (0), 2022.04.19 20:41:15.519, SYS,  INFO,      108, License information, Host information
Hostname:   WIN-81JS8FENBF6
HW-code:    10678763497
HW-version: 31500002

WCCILevent   (0), 2022.04.19 20:41:15.520, SYS,  SEVERE,    105, Invalid license, WIN-81JS8FENBF6: License has expired
WCCILevent   (0), 2022.04.19 20:41:15.521, SYS,  INFO,      108, License information, Using license file C:\Siemens\Automation\WinCC_OA\3.15\shield.txt

WCCILevent   (0), 2022.04.19 20:41:15.540, SYS,  INFO,        3, Trying to connect to (SYS: 0 Data -num 0 CONN: 1) @ localhost:4897
WCCILevent   (0), 2022.04.19 20:41:15.541, SYS,  INFO,        4, Connected to (SYS: 0 Data -num 0 CONN: 1) @ WIN-81JS8FENBF6 (::1)
WCCILevent   (0), 2022.04.19 20:41:15.542, PARAM,SEVERE,     71, DP does not exist, _Connections.Event.ManNums:_original.._value
WCCILevent   (0), 2022.04.19 20:41:15.542, PARAM,SEVERE,     71, DP does not exist, _Connections.Event.StartTimes:_original.._value
WCCILevent   (0), 2022.04.19 20:41:15.542, PARAM,SEVERE,     71, DP does not exist, _Connections.Event.HostNames:_original.._value
WCCILevent   (0), 2022.04.19 20:41:15.542, PARAM,SEVERE,     71, DP does not exist, _Connections.Driver.ManNums:_original.._value
WCCILevent   (0), 2022.04.19 20:41:15.542, PARAM,SEVERE,     71, DP does not exist, _Connections.Driver.StartTimes:_original.._value
WCCILevent   (0), 2022.04.19 20:41:15.542, PARAM,SEVERE,     71, DP does not exist, _Connections.Driver.HostNames:_original.._value
WCCILevent   (0), 2022.04.19 20:41:15.542, PARAM,SEVERE,     71, DP does not exist, _Connections.Data.ManNums:_original.._value
WCCILevent   (0), 2022.04.19 20:41:15.542, PARAM,SEVERE,     71, DP does not exist, _Connections.Data.StartTimes:_original.._value
WCCILevent   (0), 2022.04.19 20:41:15.542, PARAM,SEVERE,     71, DP does not exist, _Connections.Data.HostNames:_original.._value
WCCILevent   (0), 2022.04.19 20:41:15.542, PARAM,SEVERE,     71, DP does not exist, _Connections.Ui.ManNums:_original.._value
WCCILevent   (0), 2022.04.19 20:41:15.543, PARAM,SEVERE,     71, DP does not exist, _Connections.Ui.StartTimes:_original.._value
WCCILevent   (0), 2022.04.19 20:41:15.543, PARAM,SEVERE,     71, DP does not exist, _Connections.Ui.HostNames:_original.._value
WCCILevent   (0), 2022.04.19 20:41:15.543, PARAM,SEVERE,     71, DP does not exist, _Connections.Ctrl.ManNums:_original.._value
WCCILevent   (0), 2022.04.19 20:41:15.543, PARAM,SEVERE,     71, DP does not exist, _Connections.Ctrl.StartTimes:_original.._value
WCCILevent   (0), 2022.04.19 20:41:15.543, PARAM,SEVERE,     71, DP does not exist, _Connections.Ctrl.HostNames:_original.._value
WCCILevent   (0), 2022.04.19 20:41:15.543, PARAM,SEVERE,     71, DP does not exist, _Connections.Ascii.ManNums:_original.._value
WCCILevent   (0), 2022.04.19 20:41:15.543, PARAM,SEVERE,     71, DP does not exist, _Connections.Ascii.StartTimes:_original.._value
WCCILevent   (0), 2022.04.19 20:41:15.543, PARAM,SEVERE,     71, DP does not exist, _Connections.Ascii.HostNames:_original.._value
WCCILevent   (0), 2022.04.19 20:41:15.543, PARAM,SEVERE,     71, DP does not exist, _Connections.Api.ManNums:_original.._value
WCCILevent   (0), 2022.04.19 20:41:15.543, PARAM,SEVERE,     71, DP does not exist, _Connections.Api.StartTimes:_original.._value
WCCILevent   (0), 2022.04.19 20:41:15.543, PARAM,SEVERE,     71, DP does not exist, _Connections.Api.HostNames:_original.._value
WCCILevent   (0), 2022.04.19 20:41:15.543, PARAM,SEVERE,     71, DP does not exist, _Connections.Device.ManNums:_original.._value
WCCILevent   (0), 2022.04.19 20:41:15.543, PARAM,SEVERE,     71, DP does not exist, _Connections.Device.StartTimes:_original.._value
WCCILevent   (0), 2022.04.19 20:41:15.543, PARAM,SEVERE,     71, DP does not exist, _Connections.Device.HostNames:_original.._value
WCCILevent   (0), 2022.04.19 20:41:15.543, PARAM,SEVERE,     71, DP does not exist, _Connections.Redu.ManNums:_original.._value
WCCILevent   (0), 2022.04.19 20:41:15.543, PARAM,SEVERE,     71, DP does not exist, _Connections.Redu.StartTimes:_original.._value
WCCILevent   (0), 2022.04.19 20:41:15.543, PARAM,SEVERE,     71, DP does not exist, _Connections.Redu.HostNames:_original.._value
WCCILevent   (0), 2022.04.19 20:41:15.543, PARAM,SEVERE,     71, DP does not exist, _Connections.Report.ManNums:_original.._value
WCCILevent   (0), 2022.04.19 20:41:15.543, PARAM,SEVERE,     71, DP does not exist, _Connections.Report.StartTimes:_original.._value
WCCILevent   (0), 2022.04.19 20:41:15.543, PARAM,SEVERE,     71, DP does not exist, _Connections.Report.HostNames:_original.._value
WCCILevent   (0), 2022.04.19 20:41:15.543, PARAM,SEVERE,     71, DP does not exist, _Connections.Dde.ManNums:_original.._value
WCCILevent   (0), 2022.04.19 20:41:15.543, PARAM,SEVERE,     71, DP does not exist, _Connections.Dde.StartTimes:_original.._value
WCCILevent   (0), 2022.04.19 20:41:15.543, PARAM,SEVERE,     71, DP does not exist, _Connections.Dde.HostNames:_original.._value
WCCILevent   (0), 2022.04.19 20:41:15.543, PARAM,SEVERE,     71, DP does not exist, _Connections.Dist.ManNums:_original.._value
WCCILevent   (0), 2022.04.19 20:41:15.543, PARAM,SEVERE,     71, DP does not exist, _Connections.Dist.StartTimes:_original.._value
WCCILevent   (0), 2022.04.19 20:41:15.543, PARAM,SEVERE,     71, DP does not exist, _Connections.Dist.HostNames:_original.._value
WCCILevent   (0), 2022.04.19 20:41:15.544, SYS,  SEVERE,    105, Invalid license, WIN-81JS8FENBF6: License has expired
WCCILevent   (0), 2022.04.19 20:41:15.544, SYS,  INFO,        6, Initialization by Data Manager finished
WCCILevent   (0), 2022.04.19 20:41:15.544, SYS,  INFO,      169, Initialize 0 dp-functions
WCCILevent   (0), 2022.04.19 20:41:15.544, SYS,  INFO,      168, Initialize 0 alerts
WCCILevent   (0), 2022.04.19 20:41:15.544, PARAM,WARNING,     7, Datapoint does not exist, EvFixedLicenses, EvFixedLicenses, _Event.License.FixedShield
WCCILevent   (0), 2022.04.19 20:41:15.544, PARAM,WARNING,     7, Datapoint does not exist, UserTable, UserTable, _Users.UserId
WCCILevent   (0), 2022.04.19 20:41:15.544, PARAM,WARNING,     7, Datapoint does not exist, ManagerTable, ManagerTable, _Managers.Auth.ManType
WCCILevent   (0), 2022.04.19 20:41:15.544, PARAM,WARNING,     7, Datapoint does not exist, EventManager, doDpConnect, _System.Auth.DpType:_original.._value
WCCILevent   (0), 2022.04.19 20:41:15.544, PARAM,WARNING,     7, Datapoint does not exist, EventManager, doDpConnect, _System.Auth.Dp:_original.._value
WCCILevent   (0), 2022.04.19 20:41:15.544, PARAM,WARNING,     7, Datapoint does not exist, EventManager, doDpConnect, _System.Auth.DpAuth:_original.._value
WCCILevent   (0), 2022.04.19 20:41:15.544, PARAM,WARNING,     7, Datapoint does not exist, EventManager, doDpConnect, _System.Auth.DpAlias:_original.._value
WCCILevent   (0), 2022.04.19 20:41:15.544, PARAM,WARNING,     7, Datapoint does not exist, EventManager, dpDpConnect, _Event.ReadLicense
WCCILevent   (0), 2022.04.19 20:41:15.544, PARAM,WARNING,     8, Element does not exist, EventManager, doDpConnect, _Managers.Exit
WCCILevent   (0), 2022.04.19 20:41:15.544, PARAM,WARNING,     8, Element does not exist, EventManager, doDpConnect, _Managers.Refresh
WCCILevent   (0), 2022.04.19 20:41:15.544, PARAM,WARNING,     7, Datapoint does not exist, EventManager, evMain, _Event.License.ExpirationCnt
WCCILevent   (0), 2022.04.19 20:41:15.544, PARAM,WARNING,     7, Datapoint does not exist, EventManager, evMain, _Event.License.RemainingTime
WCCILevent   (0), 2022.04.19 20:41:15.544, PARAM,WARNING,     7, Datapoint does not exist, EventManager, evMain, _Event.License.alm.isRTILInvalid:_original.._value
WCCILevent   (0), 2022.04.19 20:41:15.544, PARAM,WARNING,     7, Datapoint does not exist, EventManager, evMain, _Event.License.alm.isPVSSInvalid:_original.._value
WCCILevent   (0), 2022.04.19 20:41:15.544, PARAM,WARNING,     7, Datapoint does not exist, EventManager, evMain, _Event.License.alm.shield:_original.._value
WCCILevent   (0), 2022.04.19 20:41:15.544, SYS,  SEVERE,    105, Invalid license, Eventmanager will shutdown after the demo period of 1800 seconds
WCCILevent   (0), 2022.04.19 20:41:15.589, SYS,  WARNING,   105, Invalid license, WIN-81JS8FENBF6: License has expired, Running as demo version, driver
WCCILevent   (0), 2022.04.19 20:41:15.589, SYS,  INFO,        4, Connected to (SYS: 1 Driver -num 1 CONN: 1) @ WIN-81JS8FENBF6 (::1)
WCCILevent   (0), 2022.04.19 20:41:15.590, PARAM,WARNING,     7, Datapoint does not exist, DP: :_original.._value, MAN: (SYS: 1 Driver -num 1 CONN: 1)
WCCILevent   (0), 2022.04.19 20:41:15.590, PARAM,WARNING,     7, Datapoint does not exist, DP: :_original.._value, MAN: (SYS: 1 Driver -num 1 CONN: 1)
WCCILevent   (0), 2022.04.19 20:41:15.590, PARAM,WARNING,     7, Datapoint does not exist, DP: :_original.._value, MAN: (SYS: 1 Driver -num 1 CONN: 1)
WCCILevent   (0), 2022.04.19 20:41:15.590, PARAM,WARNING,     7, Datapoint does not exist, DP: :_original.._value, MAN: (SYS: 1 Driver -num 1 CONN: 1)
WCCILevent   (0), 2022.04.19 20:41:15.701, SYS,  WARNING,   105, Invalid license, WIN-81JS8FENBF6: License has expired, Running as demo version, ascii
WCCILevent   (0), 2022.04.19 20:41:15.701, SYS,  INFO,        4, Connected to (SYS: 1 Ascii -num 1 CONN: 1) @ WIN-81JS8FENBF6 (::1)
WCCILevent   (0), 2022.04.19 20:41:15.860, SYS,  WARNING,    39, Connection lost, MAN: (SYS: 1 Ascii -num 1 CONN: 1), Connection reset by peer (10054)
WCCILevent   (0), 2022.04.19 20:41:15.896, SYS,  WARNING,   105, Invalid license, WIN-81JS8FENBF6: License has expired, Running as demo version, ascii
WCCILevent   (0), 2022.04.19 20:41:15.896, SYS,  INFO,        4, Connected to (SYS: 1 Ascii -num 1 CONN: 1) @ WIN-81JS8FENBF6 (::1)
WCCILevent   (0), 2022.04.19 20:41:15.930, SYS,  WARNING,    39, Connection lost, MAN: (SYS: 1 Ascii -num 1 CONN: 1), Connection reset by peer (10054)
WCCILevent   (0), 2022.04.19 20:41:15.975, SYS,  WARNING,   105, Invalid license, WIN-81JS8FENBF6: License has expired, Running as demo version, ascii
WCCILevent   (0), 2022.04.19 20:41:15.975, SYS,  INFO,        4, Connected to (SYS: 1 Ascii -num 1 CONN: 1) @ WIN-81JS8FENBF6 (::1)
WCCILevent   (0), 2022.04.19 20:41:16.191, SYS,  WARNING,    39, Connection lost, MAN: (SYS: 1 Ascii -num 1 CONN: 1), Connection reset by peer (10054)
WCCILevent   (0), 2022.04.19 20:41:16.224, SYS,  WARNING,   105, Invalid license, WIN-81JS8FENBF6: License has expired, Running as demo version, ascii
WCCILevent   (0), 2022.04.19 20:41:16.224, SYS,  INFO,        4, Connected to (SYS: 1 Ascii -num 1 CONN: 1) @ WIN-81JS8FENBF6 (::1)
WCCILevent   (0), 2022.04.19 20:41:16.231, SYS,  WARNING,    39, Connection lost, MAN: (SYS: 1 Ascii -num 1 CONN: 1), Connection reset by peer (10054)
WCCILevent   (0), 2022.04.19 20:41:16.263, SYS,  WARNING,   105, Invalid license, WIN-81JS8FENBF6: License has expired, Running as demo version, ascii
WCCILevent   (0), 2022.04.19 20:41:16.263, SYS,  INFO,        4, Connected to (SYS: 1 Ascii -num 1 CONN: 1) @ WIN-81JS8FENBF6 (::1)
WCCILevent   (0), 2022.04.19 20:41:16.269, SYS,  WARNING,    39, Connection lost, MAN: (SYS: 1 Ascii -num 1 CONN: 1), Connection reset by peer (10054)
WCCILevent   (0), 2022.04.19 20:41:16.303, SYS,  WARNING,   105, Invalid license, WIN-81JS8FENBF6: License has expired, Running as demo version, ascii
WCCILevent   (0), 2022.04.19 20:41:16.303, SYS,  INFO,        4, Connected to (SYS: 1 Ascii -num 1 CONN: 1) @ WIN-81JS8FENBF6 (::1)
WCCILevent   (0), 2022.04.19 20:41:16.317, SYS,  WARNING,    39, Connection lost, MAN: (SYS: 1 Ascii -num 1 CONN: 1), Connection reset by peer (10054)
WCCILevent   (0), 2022.04.19 20:41:16.351, SYS,  WARNING,   105, Invalid license, WIN-81JS8FENBF6: License has expired, Running as demo version, ascii
WCCILevent   (0), 2022.04.19 20:41:16.351, SYS,  INFO,        4, Connected to (SYS: 1 Ascii -num 1 CONN: 1) @ WIN-81JS8FENBF6 (::1)
WCCILevent   (0), 2022.04.19 20:41:18.795, SYS,  WARNING,    39, Connection lost, MAN: (SYS: 1 Ascii -num 1 CONN: 1), Connection reset by peer (10054)
WCCILevent   (0), 2022.04.19 20:41:18.828, SYS,  WARNING,   105, Invalid license, WIN-81JS8FENBF6: License has expired, Running as demo version, ascii
WCCILevent   (0), 2022.04.19 20:41:18.829, SYS,  INFO,        4, Connected to (SYS: 1 Ascii -num 1 CONN: 1) @ WIN-81JS8FENBF6 (::1)
WCCILevent   (0), 2022.04.19 20:41:18.834, SYS,  WARNING,    39, Connection lost, MAN: (SYS: 1 Ascii -num 1 CONN: 1), Connection reset by peer (10054)
WCCILevent   (0), 2022.04.19 20:41:18.868, SYS,  WARNING,   105, Invalid license, WIN-81JS8FENBF6: License has expired, Running as demo version, ascii
WCCILevent   (0), 2022.04.19 20:41:18.868, SYS,  INFO,        4, Connected to (SYS: 1 Ascii -num 1 CONN: 1) @ WIN-81JS8FENBF6 (::1)
WCCILevent   (0), 2022.04.19 20:41:18.938, SYS,  WARNING,    39, Connection lost, MAN: (SYS: 1 Ascii -num 1 CONN: 1), Connection reset by peer (10054)
WCCILevent   (0), 2022.04.19 20:41:18.970, SYS,  WARNING,   105, Invalid license, WIN-81JS8FENBF6: License has expired, Running as demo version, ascii
WCCILevent   (0), 2022.04.19 20:41:18.970, SYS,  INFO,        4, Connected to (SYS: 1 Ascii -num 1 CONN: 1) @ WIN-81JS8FENBF6 (::1)
WCCILevent   (0), 2022.04.19 20:41:18.976, SYS,  WARNING,    39, Connection lost, MAN: (SYS: 1 Ascii -num 1 CONN: 1), Connection reset by peer (10054)
WCCILevent   (0), 2022.04.19 20:41:20.995, SYS,  INFO,       39, Connection lost, MAN: (SYS: 1 Driver -num 1 CONN: 1), Connection closed
WCCILevent   (0), 2022.04.19 20:41:21.000, SYS,  INFO,        2, Manager Stop, received signal 15, exiting
WCCILevent   (0), 2022.04.19 20:41:21.095, SYS,  INFO,        2, Manager Stop, start cleanup
WCCILevent   (0), 2022.04.19 20:41:21.095, SYS,  INFO,      181, Closing connection to (SYS: 1 Data -num 0 CONN: 1)
WCCILevent   (0), 2022.04.19 20:41:21.095, SYS,  INFO,       39, Connection lost, MAN: (SYS: 1 Data -num 0 CONN: 1), Connection closed
WCCILevent   (0), 2022.04.19 20:41:21.098, SYS,  INFO,        2, Manager Stop
